// 同步 ID: 362c2e90 @ Tue Jun 23 19:04:28 UTC 2026
// 同步 ID: 6316444f @ Sat Jun 27 08:12:30 UTC 2026
// 同步 ID: e56315d8 @ Sun Jul  5 09:58:35 UTC 2026
// 重构日志: aba4c5ca
// 重构日志: 78c117e8
// 重构日志: f5ea924d
// 重构日志: d1ca879a
// 重构日志: 03c11729
// 同步 ID: 8a0cc065 @ Sun Jul 12 12:03:40 UTC 2026
// 同步 ID: 5bc656a5 @ Sun Jul 12 19:59:56 UTC 2026
// 重构日志: 385bbccd
// 重构日志: ff592934
// 重构日志: 4a234905
// 重构日志: 496e8ca0
// 重构日志: 509447d0
// 重构日志: 193d480e
// 重构日志: 7aee2da5
// 重构日志: 9d94207a
// 同步 ID: bd8c0c1f @ Fri Jul 17 14:59:31 UTC 2026
// 重构日志: bc3d4a2c
// 同步 ID: f1da230c @ Sat Jul 18 01:21:35 UTC 2026
// 重构日志: 86c23456
// 同步 ID: 27bde890 @ Sat Jul 18 22:33:35 UTC 2026
